Using pre-set license
Built from '2021.3/staging' branch; Version is '2021.3.9f1 (ad3870b89536) revision 11352176'; Using compiler version '192829333'; Build Type 'Release'
OS: 'Windows 10  (10.0.19043) 64bit Professional' Language: 'es' Physical Memory: 15777 MB
BatchMode: 1, IsHumanControllingUs: 0, StartBugReporterOnCrash: 0, Is64bit: 1, IsPro: 1

COMMAND LINE ARGUMENTS:
C:\Program Files\Unity\Hub\Editor\2021.3.9f1\Editor\Unity.exe
-adb2
-batchMode
-noUpm
-name
AssetImportWorker0
-projectPath
C:/Users/DELL/Documents/Unity AlejandroSoriaM/Labor_2
-logFile
Logs/AssetImportWorker0.log
-srvPort
58069
Successfully changed project path to: C:/Users/DELL/Documents/Unity AlejandroSoriaM/Labor_2
C:/Users/DELL/Documents/Unity AlejandroSoriaM/Labor_2
[UnityMemory] Configuration Parameters - Can be set up in boot.config
    "memorysetup-bucket-allocator-granularity=16"
    "memorysetup-bucket-allocator-bucket-count=8"
    "memorysetup-bucket-allocator-block-size=33554432"
    "memorysetup-bucket-allocator-block-count=8"
    "memorysetup-main-allocator-block-size=16777216"
    "memorysetup-thread-allocator-block-size=16777216"
    "memorysetup-gfx-main-allocator-block-size=16777216"
    "memorysetup-gfx-thread-allocator-block-size=16777216"
    "memorysetup-cache-allocator-block-size=4194304"
    "memorysetup-typetree-allocator-block-size=2097152"
    "memorysetup-profiler-bucket-allocator-granularity=16"
    "memorysetup-profiler-bucket-allocator-bucket-count=8"
    "memorysetup-profiler-bucket-allocator-block-size=33554432"
    "memorysetup-profiler-bucket-allocator-block-count=8"
    "memorysetup-profiler-allocator-block-size=16777216"
    "memorysetup-profiler-editor-allocator-block-size=1048576"
    "memorysetup-temp-allocator-size-main=16777216"
    "memorysetup-job-temp-allocator-block-size=2097152"
    "memorysetup-job-temp-allocator-block-size-background=1048576"
    "memorysetup-job-temp-allocator-reduction-small-platforms=262144"
    "memorysetup-temp-allocator-size-background-worker=32768"
    "memorysetup-temp-allocator-size-job-worker=262144"
    "memorysetup-temp-allocator-size-preload-manager=33554432"
    "memorysetup-temp-allocator-size-nav-mesh-worker=65536"
    "memorysetup-temp-allocator-size-audio-worker=65536"
    "memorysetup-temp-allocator-size-cloud-worker=32768"
    "memorysetup-temp-allocator-size-gi-baking-worker=262144"
    "memorysetup-temp-allocator-size-gfx=262144"
Refreshing native plugins compatible for Editor in 197.99 ms, found 3 plugins.
Preloading 0 native plugins for Editor in 0.00 ms.
Initialize engine version: 2021.3.9f1 (ad3870b89536)
[Subsystems] Discovering subsystems at path C:/Program Files/Unity/Hub/Editor/2021.3.9f1/Editor/Data/Resources/UnitySubsystems
[Subsystems] Discovering subsystems at path C:/Users/DELL/Documents/Unity AlejandroSoriaM/Labor_2/Assets
GfxDevice: creating device client; threaded=0; jobified=0
Direct3D:
    Version:  Direct3D 11.0 [level 11.1]
    Renderer: Intel(R) Iris(R) Xe Graphics (ID=0x9a49)
    Vendor:   Intel
    VRAM:     7888 MB
    Driver:   30.0.101.1692
Initialize mono
Mono path[0] = 'C:/Program Files/Unity/Hub/Editor/2021.3.9f1/Editor/Data/Managed'
Mono path[1] = 'C:/Program Files/Unity/Hub/Editor/2021.3.9f1/Editor/Data/MonoBleedingEdge/lib/mono/unityjit-win32'
Mono config path = 'C:/Program Files/Unity/Hub/Editor/2021.3.9f1/Editor/Data/MonoBleedingEdge/etc'
Using monoOptions --debugger-agent=transport=dt_socket,embedding=1,server=y,suspend=n,address=127.0.0.1:56212
Begin MonoManager ReloadAssembly
Registering precompiled unity dll's ...
Register platform support module: C:/Program Files/Unity/Hub/Editor/2021.3.9f1/Editor/Data/PlaybackEngines/WebGLSupport/UnityEditor.WebGL.Extensions.dll
Register platform support module: C:/Program Files/Unity/Hub/Editor/2021.3.9f1/Editor/Data/PlaybackEngines/WindowsStandaloneSupport/UnityEditor.WindowsStandalone.Extensions.dll
Registered in 0.021754 seconds.
Native extension for WindowsStandalone target not found
Native extension for WebGL target not found
Refreshing native plugins compatible for Editor in 234.13 ms, found 3 plugins.
Preloading 0 native plugins for Editor in 0.00 ms.
Mono: successfully reloaded assembly
- Completed reload, in  1.824 seconds
Domain Reload Profiling:
	ReloadAssembly (1825ms)
		BeginReloadAssembly (224ms)
			ExecutionOrderSort (0ms)
			DisableScriptedObjects (0ms)
			BackupInstance (0ms)
			ReleaseScriptingObjects (0ms)
			CreateAndSetChildDomain (3ms)
		EndReloadAssembly (1278ms)
			LoadAssemblies (215ms)
			RebuildTransferFunctionScriptingTraits (0ms)
			SetupTypeCache (256ms)
			ReleaseScriptCaches (0ms)
			RebuildScriptCaches (81ms)
			SetupLoadedEditorAssemblies (793ms)
				LogAssemblyErrors (0ms)
				InitializePlatformSupportModulesInManaged (29ms)
				SetLoadedEditorAssemblies (0ms)
				RefreshPlugins (234ms)
				BeforeProcessingInitializeOnLoad (3ms)
				ProcessInitializeOnLoadAttributes (383ms)
				ProcessInitializeOnLoadMethodAttributes (143ms)
				AfterProcessingInitializeOnLoad (0ms)
				EditorAssembliesLoaded (0ms)
			ExecutionOrderSort2 (0ms)
			AwakeInstancesAfterBackupRestoration (0ms)
Platform modules already initialized, skipping
Registering precompiled user dll's ...
Registered in 0.012149 seconds.
Begin MonoManager ReloadAssembly
Symbol file LoadedFromMemory doesn't match image C:\Users\DELL\Documents\Unity AlejandroSoriaM\Labor_2\Library\PackageCache\com.unity.visualscripting@1.7.8\Editor\VisualScripting.Core\Dependencies\YamlDotNet\Unity.VisualScripting.YamlDotNet.dll
Symbol file LoadedFromMemory doesn't match image C:\Users\DELL\Documents\Unity AlejandroSoriaM\Labor_2\Library\PackageCache\com.unity.visualscripting@1.7.8\Editor\VisualScripting.Core\Dependencies\DotNetZip\Unity.VisualScripting.IonicZip.dll
Native extension for WindowsStandalone target not found
Native extension for WebGL target not found
Refreshing native plugins compatible for Editor in 1.13 ms, found 3 plugins.
Preloading 0 native plugins for Editor in 0.00 ms.
Mono: successfully reloaded assembly
- Completed reload, in  2.950 seconds
Domain Reload Profiling:
	ReloadAssembly (2952ms)
		BeginReloadAssembly (324ms)
			ExecutionOrderSort (0ms)
			DisableScriptedObjects (23ms)
			BackupInstance (0ms)
			ReleaseScriptingObjects (0ms)
			CreateAndSetChildDomain (40ms)
		EndReloadAssembly (2291ms)
			LoadAssemblies (231ms)
			RebuildTransferFunctionScriptingTraits (0ms)
			SetupTypeCache (748ms)
			ReleaseScriptCaches (2ms)
			RebuildScriptCaches (148ms)
			SetupLoadedEditorAssemblies (1054ms)
				LogAssemblyErrors (0ms)
				InitializePlatformSupportModulesInManaged (20ms)
				SetLoadedEditorAssemblies (1ms)
				RefreshPlugins (1ms)
				BeforeProcessingInitializeOnLoad (257ms)
				ProcessInitializeOnLoadAttributes (683ms)
				ProcessInitializeOnLoadMethodAttributes (70ms)
				AfterProcessingInitializeOnLoad (21ms)
				EditorAssembliesLoaded (0ms)
			ExecutionOrderSort2 (0ms)
			AwakeInstancesAfterBackupRestoration (17ms)
Platform modules already initialized, skipping
========================================================================
Worker process is ready to serve import requests
Launched and connected shader compiler UnityShaderCompiler.exe after 0.11 seconds
Refreshing native plugins compatible for Editor in 0.76 ms, found 3 plugins.
Preloading 0 native plugins for Editor in 0.00 ms.
Unloading 3380 Unused Serialized files (Serialized files now loaded: 0)
Unloading 27 unused Assets / (111.3 KB). Loaded Objects now: 3837.
Memory consumption went from 116.1 MB to 116.0 MB.
Total: 4.090600 ms (FindLiveObjects: 0.269700 ms CreateObjectMapping: 0.116700 ms MarkObjects: 3.545000 ms  DeleteObjects: 0.158300 ms)

AssetImportParameters requested are different than current active one (requested -> active):
  custom:video-decoder-ogg-theora: a1e56fd34408186e4bbccfd4996cb3dc -> 
  custom:container-muxer-webm: aa71ff27fc2769a1b78a27578f13a17b -> 
  custom:container-demuxer-webm: 4f35f7cbe854078d1ac9338744f61a02 -> 
  custom:video-encoder-webm-vp8: eb34c28f22e8b96e1ab97ce403110664 -> 
  custom:audio-encoder-webm-vorbis: bf7c407c2cedff20999df2af8eb42d56 -> 
  custom:framework-win-MediaFoundation: 216162199b28c13a410421893ffa2e32 -> 
  custom:container-demuxer-ogg: 62fdf1f143b41e24485cea50d1cbac27 -> 
  custom:video-decoder-webm-vp8: 9c59270c3fd7afecdb556c50c9e8de78 -> 
  custom:audio-decoder-ogg-vorbis: bf7c407c2cedff20999df2af8eb42d56 -> 
========================================================================
Received Import Request.
  Time since last request: 58080.626918 seconds.
  path: Assets/Scenes/MyGame.unity
  artifactKey: Guid(9fc0d4010bbf28b4594072e72b8655ab) Importer(815301076,1909f56bfc062723c751e8b465ee728b)
Start importing Assets/Scenes/MyGame.unity using Guid(9fc0d4010bbf28b4594072e72b8655ab) Importer(815301076,1909f56bfc062723c751e8b465ee728b)  -> (artifact id: 'd6632205b75b02546ceef9fd49abeca7') in 0.027206 seconds 
========================================================================
Received Import Request.
  Time since last request: 343.743691 seconds.
  path: Assets/Materials
  artifactKey: Guid(4b0faebc63058f94f8b121caf0959b77) Importer(815301076,1909f56bfc062723c751e8b465ee728b)
Start importing Assets/Materials using Guid(4b0faebc63058f94f8b121caf0959b77) Importer(815301076,1909f56bfc062723c751e8b465ee728b)  -> (artifact id: 'e055404c7ba611270457eadb40bebf58') in 0.014667 seconds 
========================================================================
Received Import Request.
  Time since last request: 63.578129 seconds.
  path: Assets/Materials/New Material.mat
  artifactKey: Guid(bf197e0b4d1ac8a4a8b3331a066b7833) Importer(815301076,1909f56bfc062723c751e8b465ee728b)
Start importing Assets/Materials/New Material.mat using Guid(bf197e0b4d1ac8a4a8b3331a066b7833) Importer(815301076,1909f56bfc062723c751e8b465ee728b)  -> (artifact id: 'a3260bc15b62aa89ebcaf55dbf25b90e') in 0.649335 seconds 
========================================================================
Received Import Request.
  Time since last request: 10.181117 seconds.
  path: Assets/Materials/Blue.mat
  artifactKey: Guid(bf197e0b4d1ac8a4a8b3331a066b7833) Importer(815301076,1909f56bfc062723c751e8b465ee728b)
Start importing Assets/Materials/Blue.mat using Guid(bf197e0b4d1ac8a4a8b3331a066b7833) Importer(815301076,1909f56bfc062723c751e8b465ee728b)  -> (artifact id: 'b19b50bbd707d592e3b08975f8453981') in 0.032563 seconds 
========================================================================
Received Import Request.
  Time since last request: 36.750866 seconds.
  path: Assets/Materials/Blue.mat
  artifactKey: Guid(bf197e0b4d1ac8a4a8b3331a066b7833) Importer(815301076,1909f56bfc062723c751e8b465ee728b)
Start importing Assets/Materials/Blue.mat using Guid(bf197e0b4d1ac8a4a8b3331a066b7833) Importer(815301076,1909f56bfc062723c751e8b465ee728b)  -> (artifact id: '4a3736e3527c4fd92b1cc4debb712ec6') in 0.030673 seconds 
========================================================================
Received Import Request.
  Time since last request: 1189.113813 seconds.
  path: Assets/Materials/Red.mat
  artifactKey: Guid(dd6544d2b4419ce4cb4e87738067bc6b) Importer(815301076,1909f56bfc062723c751e8b465ee728b)
Start importing Assets/Materials/Red.mat using Guid(dd6544d2b4419ce4cb4e87738067bc6b) Importer(815301076,1909f56bfc062723c751e8b465ee728b)  -> (artifact id: '49e1f40f3a2829413f78cb521d55afba') in 0.032621 seconds 
========================================================================
Received Import Request.
  Time since last request: 59.989628 seconds.
  path: Assets/Materials/Red_Light.mat
  artifactKey: Guid(db2fda3e106800945b00980a5a986f61) Importer(815301076,1909f56bfc062723c751e8b465ee728b)
Start importing Assets/Materials/Red_Light.mat using Guid(db2fda3e106800945b00980a5a986f61) Importer(815301076,1909f56bfc062723c751e8b465ee728b)  -> (artifact id: '70c64bd3108cb9a5dab44b359611315a') in 0.027384 seconds 
========================================================================
Received Import Request.
  Time since last request: 80.435530 seconds.
  path: Assets/Materials/Red_Dark.mat
  artifactKey: Guid(e32417ffc8397444a839dae10b84aee2) Importer(815301076,1909f56bfc062723c751e8b465ee728b)
Start importing Assets/Materials/Red_Dark.mat using Guid(e32417ffc8397444a839dae10b84aee2) Importer(815301076,1909f56bfc062723c751e8b465ee728b)  -> (artifact id: '819684a9415eb79ca2ed78635d187269') in 0.027971 seconds 
========================================================================
Received Import Request.
  Time since last request: 2736.149662 seconds.
  path: Assets/Materials/Red_Medium.mat
  artifactKey: Guid(246bf74bd5bb21e438c5522abca4c03f) Importer(815301076,1909f56bfc062723c751e8b465ee728b)
Start importing Assets/Materials/Red_Medium.mat using Guid(246bf74bd5bb21e438c5522abca4c03f) Importer(815301076,1909f56bfc062723c751e8b465ee728b)  -> (artifact id: '795a228f8f27d385f10ac235524a59c3') in 0.028015 seconds 
========================================================================
Received Import Request.
  Time since last request: 271.742415 seconds.
  path: Assets/Materials/Green.mat
  artifactKey: Guid(e2761078adc414242ac66c78fd9360f0) Importer(815301076,1909f56bfc062723c751e8b465ee728b)
Start importing Assets/Materials/Green.mat using Guid(e2761078adc414242ac66c78fd9360f0) Importer(815301076,1909f56bfc062723c751e8b465ee728b)  -> (artifact id: '0155014e2a498ac88ec529f084a91398') in 0.027266 seconds 
========================================================================
Received Import Request.
  Time since last request: 281.176022 seconds.
  path: Assets/Materials/Red_Light.mat
  artifactKey: Guid(db2fda3e106800945b00980a5a986f61) Importer(815301076,1909f56bfc062723c751e8b465ee728b)
Start importing Assets/Materials/Red_Light.mat using Guid(db2fda3e106800945b00980a5a986f61) Importer(815301076,1909f56bfc062723c751e8b465ee728b)  -> (artifact id: '7b3ad39da52d94e4f6430bcfb6dbfff9') in 0.036108 seconds 
========================================================================
Received Import Request.
  Time since last request: 0.000033 seconds.
  path: Assets/Scenes
  artifactKey: Guid(6ea315d0fd7389c41b19996891e99ae3) Importer(815301076,1909f56bfc062723c751e8b465ee728b)
Start importing Assets/Scenes using Guid(6ea315d0fd7389c41b19996891e99ae3) Importer(815301076,1909f56bfc062723c751e8b465ee728b)  -> (artifact id: 'b8193726cff86800c54781cdc6d54904') in 0.016462 seconds 
========================================================================
Received Import Request.
  Time since last request: 0.000316 seconds.
  path: Assets/Materials/Red.mat
  artifactKey: Guid(dd6544d2b4419ce4cb4e87738067bc6b) Importer(815301076,1909f56bfc062723c751e8b465ee728b)
Start importing Assets/Materials/Red.mat using Guid(dd6544d2b4419ce4cb4e87738067bc6b) Importer(815301076,1909f56bfc062723c751e8b465ee728b)  -> (artifact id: 'c2c239d2a81d1116370d7796580ea247') in 0.036824 seconds 
========================================================================
Received Import Request.
  Time since last request: 0.011784 seconds.
  path: Assets/Materials/Red_Medium.mat
  artifactKey: Guid(246bf74bd5bb21e438c5522abca4c03f) Importer(815301076,1909f56bfc062723c751e8b465ee728b)
Start importing Assets/Materials/Red_Medium.mat using Guid(246bf74bd5bb21e438c5522abca4c03f) Importer(815301076,1909f56bfc062723c751e8b465ee728b)  -> (artifact id: '8a459f4a1aefb13ada7924df5c756c08') in 0.029855 seconds 
========================================================================
Received Import Request.
  Time since last request: 0.007013 seconds.
  path: Assets/Materials/Green.mat
  artifactKey: Guid(e2761078adc414242ac66c78fd9360f0) Importer(815301076,1909f56bfc062723c751e8b465ee728b)
Start importing Assets/Materials/Green.mat using Guid(e2761078adc414242ac66c78fd9360f0) Importer(815301076,1909f56bfc062723c751e8b465ee728b)  -> (artifact id: '6e54f535efa13857307718854aa0acd9') in 0.032079 seconds 
========================================================================
Received Import Request.
  Time since last request: 0.000070 seconds.
  path: Assets/Scenes/MyGame.unity
  artifactKey: Guid(9fc0d4010bbf28b4594072e72b8655ab) Importer(815301076,1909f56bfc062723c751e8b465ee728b)
Start importing Assets/Scenes/MyGame.unity using Guid(9fc0d4010bbf28b4594072e72b8655ab) Importer(815301076,1909f56bfc062723c751e8b465ee728b)  -> (artifact id: '6fb8cfcd8a1fa90798b84edc64472dc7') in 0.006084 seconds 
========================================================================
Received Import Request.
  Time since last request: 0.000102 seconds.
  path: Assets/Materials/Red_Dark.mat
  artifactKey: Guid(e32417ffc8397444a839dae10b84aee2) Importer(815301076,1909f56bfc062723c751e8b465ee728b)
Start importing Assets/Materials/Red_Dark.mat using Guid(e32417ffc8397444a839dae10b84aee2) Importer(815301076,1909f56bfc062723c751e8b465ee728b)  -> (artifact id: '4cdac3b606d3d3da36915c1bdae80701') in 0.030429 seconds 
